find_header: checking for libxml/tree.h in /home/runner/work/cmey.github.io/cmey.github.io/vendor/bundle/ruby/3.2.0/gems/nokogiri-1.15.4-x86_64-linux/ext/nokogiri/include/libxml2... -------------------- yes

LD_LIBRARY_PATH=.:/usr/lib/x86_64-linux-gnu "x86_64-linux-gnu-gcc -o conftest -I/usr/include/x86_64-linux-gnu/ruby-3.2.0 -I/usr/include/ruby-3.2.0/ruby/backward -I/usr/include/ruby-3.2.0 -I. -Wdate-time -D_FORTIFY_SOURCE=3   -g -O2 -fno-omit-frame-pointer -mno-omit-leaf-frame-pointer -ffile-prefix-map=BUILDDIR=. -fstack-protector-strong -fstack-clash-protection -Wformat -Werror=format-security -fcf-protection -fdebug-prefix-map=BUILDDIR=/usr/src/ruby3.2-3.2.3-1ubuntu0.24.04.6 -fPIC -std=c99 conftest.c  -L. -L/usr/lib/x86_64-linux-gnu -L. -Wl,-Bsymbolic-functions -Wl,-z,relro -Wl,-z,now -fstack-protector-strong -rdynamic -Wl,-export-dynamic -Wl,--no-as-needed     -lruby-3.2  -lm -lpthread  -lc"
checked program was:
/* begin */
1: #include "ruby.h"
2: 
3: int main(int argc, char **argv)
4: {
5:   return !!argv[argc];
6: }
/* end */

LD_LIBRARY_PATH=.:/usr/lib/x86_64-linux-gnu "x86_64-linux-gnu-gcc -I/usr/include/x86_64-linux-gnu/ruby-3.2.0 -I/usr/include/ruby-3.2.0/ruby/backward -I/usr/include/ruby-3.2.0 -I. -Wdate-time -D_FORTIFY_SOURCE=3   -g -O2 -fno-omit-frame-pointer -mno-omit-leaf-frame-pointer -ffile-prefix-map=BUILDDIR=. -fstack-protector-strong -fstack-clash-protection -Wformat -Werror=format-security -fcf-protection -fdebug-prefix-map=BUILDDIR=/usr/src/ruby3.2-3.2.3-1ubuntu0.24.04.6 -fPIC -std=c99   -c conftest.c"
conftest.c:3:10: fatal error: libxml/tree.h: No such file or directory
    3 | #include <libxml/tree.h>
      |          ^~~~~~~~~~~~~~~
compilation terminated.
checked program was:
/* begin */
1: #include "ruby.h"
2: 
3: #include <libxml/tree.h>
/* end */

LD_LIBRARY_PATH=.:/usr/lib/x86_64-linux-gnu "x86_64-linux-gnu-gcc -I/usr/include/x86_64-linux-gnu/ruby-3.2.0 -I/usr/include/ruby-3.2.0/ruby/backward -I/usr/include/ruby-3.2.0 -I. -Wdate-time -D_FORTIFY_SOURCE=3   -g -O2 -fno-omit-frame-pointer -mno-omit-leaf-frame-pointer -ffile-prefix-map=BUILDDIR=. -fstack-protector-strong -fstack-clash-protection -Wformat -Werror=format-security -fcf-protection -fdebug-prefix-map=BUILDDIR=/usr/src/ruby3.2-3.2.3-1ubuntu0.24.04.6 -fPIC -std=c99  -I/home/runner/work/cmey.github.io/cmey.github.io/vendor/bundle/ruby/3.2.0/gems/nokogiri-1.15.4-x86_64-linux/ext/nokogiri/include/libxml2 -c conftest.c"
checked program was:
/* begin */
1: #include "ruby.h"
2: 
3: #include <libxml/tree.h>
/* end */

--------------------

find_header: checking for nokogiri.h in /home/runner/work/cmey.github.io/cmey.github.io/vendor/bundle/ruby/3.2.0/gems/nokogiri-1.15.4-x86_64-linux/ext/nokogiri... -------------------- no

LD_LIBRARY_PATH=.:/usr/lib/x86_64-linux-gnu "x86_64-linux-gnu-gcc -I/usr/include/x86_64-linux-gnu/ruby-3.2.0 -I/usr/include/ruby-3.2.0/ruby/backward -I/usr/include/ruby-3.2.0 -I. -I/home/runner/work/cmey.github.io/cmey.github.io/vendor/bundle/ruby/3.2.0/gems/nokogiri-1.15.4-x86_64-linux/ext/nokogiri/include/libxml2 -Wdate-time -D_FORTIFY_SOURCE=3   -g -O2 -fno-omit-frame-pointer -mno-omit-leaf-frame-pointer -ffile-prefix-map=BUILDDIR=. -fstack-protector-strong -fstack-clash-protection -Wformat -Werror=format-security -fcf-protection -fdebug-prefix-map=BUILDDIR=/usr/src/ruby3.2-3.2.3-1ubuntu0.24.04.6 -fPIC -std=c99   -c conftest.c"
conftest.c:3:10: fatal error: nokogiri.h: No such file or directory
    3 | #include <nokogiri.h>
      |          ^~~~~~~~~~~~
compilation terminated.
checked program was:
/* begin */
1: #include "ruby.h"
2: 
3: #include <nokogiri.h>
/* end */

LD_LIBRARY_PATH=.:/usr/lib/x86_64-linux-gnu "x86_64-linux-gnu-gcc -I/usr/include/x86_64-linux-gnu/ruby-3.2.0 -I/usr/include/ruby-3.2.0/ruby/backward -I/usr/include/ruby-3.2.0 -I. -I/home/runner/work/cmey.github.io/cmey.github.io/vendor/bundle/ruby/3.2.0/gems/nokogiri-1.15.4-x86_64-linux/ext/nokogiri/include/libxml2 -Wdate-time -D_FORTIFY_SOURCE=3   -g -O2 -fno-omit-frame-pointer -mno-omit-leaf-frame-pointer -ffile-prefix-map=BUILDDIR=. -fstack-protector-strong -fstack-clash-protection -Wformat -Werror=format-security -fcf-protection -fdebug-prefix-map=BUILDDIR=/usr/src/ruby3.2-3.2.3-1ubuntu0.24.04.6 -fPIC -std=c99  -I/home/runner/work/cmey.github.io/cmey.github.io/vendor/bundle/ruby/3.2.0/gems/nokogiri-1.15.4-x86_64-linux/ext/nokogiri -c conftest.c"
In file included from conftest.c:3:
/home/runner/work/cmey.github.io/cmey.github.io/vendor/bundle/ruby/3.2.0/gems/nokogiri-1.15.4-x86_64-linux/ext/nokogiri/nokogiri.h:50:10: fatal error: libxslt/extensions.h: No such file or directory
   50 | #include <libxslt/extensions.h>
      |          ^~~~~~~~~~~~~~~~~~~~~~
compilation terminated.
checked program was:
/* begin */
1: #include "ruby.h"
2: 
3: #include <nokogiri.h>
/* end */

--------------------

